<?xml version="1.0" encoding="UTF-8" ?>
<testsuites>
  <testsuite errors="0" failures="0" hostname="macintosh-5.home" id="0" name="CSVFileFormatTokenizerTest" package="org.jfin.common.test" tests="13" time="0.16" timestamp="2010-02-19T13:13:39">
      <properties>
[...]
</properties>

      <testcase classname="org.jfin.common.test.CSVFileFormatTokenizerTest" name="testSimple1" time="0.028" />

      <testcase classname="org.jfin.common.test.CSVFileFormatTokenizerTest" name="testSimple2" time="0.0010" />

      <testcase classname="org.jfin.common.test.CSVFileFormatTokenizerTest" name="testSimple3" time="0.0010" />

      <testcase classname="org.jfin.common.test.CSVFileFormatTokenizerTest" name="testSimple4" time="0.0040" />

      <testcase classname="org.jfin.common.test.CSVFileFormatTokenizerTest" name="testSimple5" time="0.0" />

      <testcase classname="org.jfin.common.test.CSVFileFormatTokenizerTest" name="testSimple6" time="0.0" />

      <testcase classname="org.jfin.common.test.CSVFileFormatTokenizerTest" name="testSimple7" time="0.0010" />

      <testcase classname="org.jfin.common.test.CSVFileFormatTokenizerTest" name="testSimple8" time="0.0010" />

      <testcase classname="org.jfin.common.test.CSVFileFormatTokenizerTest" name="testSimple9" time="0.0010" />

      <testcase classname="org.jfin.common.test.CSVFileFormatTokenizerTest" name="testSimple10" time="0.0010" />

      <testcase classname="org.jfin.common.test.CSVFileFormatTokenizerTest" name="testSimple11" time="0.0010" />

      <testcase classname="org.jfin.common.test.CSVFileFormatTokenizerTest" name="testSimple12" time="0.0020" />

      <testcase classname="org.jfin.common.test.CSVFileFormatTokenizerTest" name="testSimple13" time="0.0" />

      <system-out />

      <system-err />

  </testsuite>
  <testsuite errors="0" failures="0" hostname="macintosh-5.home" id="1" name="CSVReaderTest" package="org.jfin.common.test" tests="1" time="0.0080" timestamp="2010-02-19T13:13:39">
      <properties>
[...]
</properties>

      <testcase classname="org.jfin.common.test.CSVReaderTest" name="testReader" time="0.0030" />

      <system-out />

      <system-err />

  </testsuite>
  <testsuite errors="0" failures="0" hostname="macintosh-5.home" id="2" name="Iso3166CountryTest" package="org.jfin.common.test" tests="1" time="0.012" timestamp="2010-02-19T13:13:39">
      <properties>
[...]
</properties>

      <testcase classname="org.jfin.common.test.Iso3166CountryTest" name="testCountries" time="0.0070" />

      <system-out />

      <system-err />

  </testsuite>
  <testsuite errors="0" failures="0" hostname="macintosh-5.home" id="3" name="Iso4217CurrencyTest" package="org.jfin.common.test" tests="2" time="0.019" timestamp="2010-02-19T13:13:39">
      <properties>
[...]
</properties>

      <testcase classname="org.jfin.common.test.Iso4217CurrencyTest" name="testCurrencies" time="0.013" />

      <testcase classname="org.jfin.common.test.Iso4217CurrencyTest" name="testDEM" time="0.0" />

      <system-out />

      <system-err />

  </testsuite>
  <testsuite errors="0" failures="0" hostname="macintosh-5.home" id="4" name="FrequencyTest" package="org.jfin.date.test" tests="1" time="0.038" timestamp="2010-02-19T13:13:39">
      <properties>
[...]
</properties>

      <testcase classname="org.jfin.date.test.FrequencyTest" name="testFrequency" time="0.033" />

      <system-out />

      <system-err><![CDATA[Feb 19, 2010 1:13:39 PM org.jfin.date.holiday.HolidayCalendarFactory newInstance
INFO: Constructing new default holiday calendar provider.
Feb 19, 2010 1:13:39 PM org.jfin.date.holiday.HolidayCalendarFactory newInstance
INFO: No system property jfin.HolidayCalendarFactory provided, using org.jfin.date.holiday.defaultimpl.HolidayCalendarFactoryImpl
Feb 19, 2010 1:13:39 PM org.jfin.date.holiday.HolidayCalendarFactory newInstance
INFO: Attempting to instantiate org.jfin.date.holiday.defaultimpl.HolidayCalendarFactoryImpl
]]></system-err>

  </testsuite>
  <testsuite errors="0" failures="0" hostname="macintosh-5.home" id="5" name="PeriodTest" package="org.jfin.date.test" tests="7" time="0.059" timestamp="2010-02-19T13:13:39">
      <properties>
[...]
</properties>

      <testcase classname="org.jfin.date.test.PeriodTest" name="testDefaultConstructor" time="0.0010" />

      <testcase classname="org.jfin.date.test.PeriodTest" name="testSetters" time="0.0010" />

      <testcase classname="org.jfin.date.test.PeriodTest" name="testToString" time="0.0020" />

      <testcase classname="org.jfin.date.test.PeriodTest" name="testComparator" time="0.0010" />

      <testcase classname="org.jfin.date.test.PeriodTest" name="testComparatorMidpoint" time="0.0" />

      <testcase classname="org.jfin.date.test.PeriodTest" name="testComparatorFailure" time="0.0010" />

      <testcase classname="org.jfin.date.test.PeriodTest" name="testConstructorWithReferencePeriod" time="0.0010" />

      <system-out />

      <system-err />

  </testsuite>
  <testsuite errors="0" failures="0" hostname="macintosh-5.home" id="6" name="ScheduleCutterTest" package="org.jfin.date.test" tests="4" time="0.039" timestamp="2010-02-19T13:13:39">
      <properties>
[...]
</properties>

      <testcase classname="org.jfin.date.test.ScheduleCutterTest" name="testCutSinglePeriodByDate" time="0.0030" />

      <testcase classname="org.jfin.date.test.ScheduleCutterTest" name="testCutSinglePeriodByDates" time="0.0010" />

      <testcase classname="org.jfin.date.test.ScheduleCutterTest" name="testCutMultiplePeriodsByDates" time="0.0050" />

      <testcase classname="org.jfin.date.test.ScheduleCutterTest" name="testOverlappingPeriods" time="0.0020" />

      <system-out />

      <system-err />

  </testsuite>
  <testsuite errors="0" failures="0" hostname="macintosh-5.home" id="7" name="ScheduleExceptionTest" package="org.jfin.date.test" tests="1" time="0.0040" timestamp="2010-02-19T13:13:39">
      <properties>
[...]
</properties>

      <testcase classname="org.jfin.date.test.ScheduleExceptionTest" name="testExceptionConstructors" time="0.0" />

      <system-out />

      <system-err />

  </testsuite>
  <testsuite errors="0" failures="0" hostname="macintosh-5.home" id="8" name="ScheduleGenerator2SanityCheckTest" package="org.jfin.date.test" tests="11" time="0.095" timestamp="2010-02-19T13:13:39">
      <properties>
[...]
</properties>

      <testcase classname="org.jfin.date.test.ScheduleGenerator2SanityCheckTest" name="testScheduleGenerationNoStub" time="0.018" />

      <testcase classname="org.jfin.date.test.ScheduleGenerator2SanityCheckTest" name="testScheduleGenerationNoStub2" time="0.019" />

      <testcase classname="org.jfin.date.test.ScheduleGenerator2SanityCheckTest" name="testScheduleGenerationShortFirstStub" time="0.01" />

      <testcase classname="org.jfin.date.test.ScheduleGenerator2SanityCheckTest" name="testScheduleGenerationShortLastStub" time="0.0090" />

      <testcase classname="org.jfin.date.test.ScheduleGenerator2SanityCheckTest" name="testScheduleGenerationInvalidStub" time="0.0030" />

      <testcase classname="org.jfin.date.test.ScheduleGenerator2SanityCheckTest" name="testScheduleGenerationLongFirstStub" time="0.01" />

      <testcase classname="org.jfin.date.test.ScheduleGenerator2SanityCheckTest" name="testScheduleGenerationLongLastStub" time="0.0070" />

      <testcase classname="org.jfin.date.test.ScheduleGenerator2SanityCheckTest" name="testScheduleGenerationShortFirstStubNotional" time="0.0030" />

      <testcase classname="org.jfin.date.test.ScheduleGenerator2SanityCheckTest" name="testScheduleGenerationLongFirstStubNotional" time="0.0030" />

      <testcase classname="org.jfin.date.test.ScheduleGenerator2SanityCheckTest" name="testScheduleGenerationShortLastStubNotional" time="0.0030" />

      <testcase classname="org.jfin.date.test.ScheduleGenerator2SanityCheckTest" name="testScheduleGenerationShortLongStubNotional" time="0.0020" />

      <system-out />

      <system-err />

  </testsuite>
  <testsuite errors="0" failures="0" hostname="macintosh-5.home" id="9" name="ScheduleGenerator2Test" package="org.jfin.date.test" tests="12" time="0.046" timestamp="2010-02-19T13:13:40">
      <properties>
[...]
</properties>

      <testcase classname="org.jfin.date.test.ScheduleGenerator2Test" name="testLongFirst" time="0.0010" />

      <testcase classname="org.jfin.date.test.ScheduleGenerator2Test" name="testLongLast" time="0.0" />

      <testcase classname="org.jfin.date.test.ScheduleGenerator2Test" name="testShortFirst" time="0.0010" />

      <testcase classname="org.jfin.date.test.ScheduleGenerator2Test" name="testShortLast" time="0.0010" />

      <testcase classname="org.jfin.date.test.ScheduleGenerator2Test" name="testExceedMaxPeriodsStubTypeShortLast" time="0.0010" />

      <testcase classname="org.jfin.date.test.ScheduleGenerator2Test" name="testExceedMaxPeriodsStubTypeShortFirst" time="0.0010" />

      <testcase classname="org.jfin.date.test.ScheduleGenerator2Test" name="testExceedMaxPeriodsStubTypeLongLast" time="0.0" />

      <testcase classname="org.jfin.date.test.ScheduleGenerator2Test" name="testExceedMaxPeriodsStubTypeLongFirst" time="0.0" />

      <testcase classname="org.jfin.date.test.ScheduleGenerator2Test" name="testScheduleWithMaturityString" time="0.0020" />

      <testcase classname="org.jfin.date.test.ScheduleGenerator2Test" name="testMonthlySchedule" time="0.025" />

      <testcase classname="org.jfin.date.test.ScheduleGenerator2Test" name="testTenorScheduleGeneration" time="0.0020" />

      <testcase classname="org.jfin.date.test.ScheduleGenerator2Test" name="testCustomFrequency" time="0.0010" />

      <system-out />

      <system-err />

  </testsuite>
  <testsuite errors="0" failures="0" hostname="macintosh-5.home" id="10" name="ScheduleGeneratorSanityCheckTest" package="org.jfin.date.test" tests="12" time="0.05" timestamp="2010-02-19T13:13:40">
      <properties>
[...]
</properties>

      <testcase classname="org.jfin.date.test.ScheduleGeneratorSanityCheckTest" name="testScheduleGenerationNoStub" time="0.0050" />

      <testcase classname="org.jfin.date.test.ScheduleGeneratorSanityCheckTest" name="testScheduleGenerationNoStub2" time="0.0040" />

      <testcase classname="org.jfin.date.test.ScheduleGeneratorSanityCheckTest" name="testScheduleGenerationShortFirstStub" time="0.0060" />

      <testcase classname="org.jfin.date.test.ScheduleGeneratorSanityCheckTest" name="testScheduleGenerationShortLastStub" time="0.0070" />

      <testcase classname="org.jfin.date.test.ScheduleGeneratorSanityCheckTest" name="testScheduleGenerationInvalidStub" time="0.0020" />

      <testcase classname="org.jfin.date.test.ScheduleGeneratorSanityCheckTest" name="testScheduleGenerationLongFirstStub" time="0.0050" />

      <testcase classname="org.jfin.date.test.ScheduleGeneratorSanityCheckTest" name="testScheduleGenerationLongLastStub" time="0.0040" />

      <testcase classname="org.jfin.date.test.ScheduleGeneratorSanityCheckTest" name="testScheduleGenerationShortFirstStubNotional" time="0.0020" />

      <testcase classname="org.jfin.date.test.ScheduleGeneratorSanityCheckTest" name="testScheduleGenerationLongFirstStubNotional" time="0.0020" />

      <testcase classname="org.jfin.date.test.ScheduleGeneratorSanityCheckTest" name="testScheduleGenerationShortLastStubNotional" time="0.0020" />

      <testcase classname="org.jfin.date.test.ScheduleGeneratorSanityCheckTest" name="testScheduleGenerationShortLongStubNotional" time="0.0020" />

      <testcase classname="org.jfin.date.test.ScheduleGeneratorSanityCheckTest" name="testInstantiation" time="0.0" />

      <system-out />

      <system-err />

  </testsuite>
  <testsuite errors="0" failures="0" hostname="macintosh-5.home" id="11" name="ScheduleGeneratorTest" package="org.jfin.date.test" tests="17" time="0.043" timestamp="2010-02-19T13:13:40">
      <properties>
[...]
</properties>

      <testcase classname="org.jfin.date.test.ScheduleGeneratorTest" name="testLongFirst" time="0.0090" />

      <testcase classname="org.jfin.date.test.ScheduleGeneratorTest" name="testLongLast" time="0.0010" />

      <testcase classname="org.jfin.date.test.ScheduleGeneratorTest" name="testShortFirst" time="0.0010" />

      <testcase classname="org.jfin.date.test.ScheduleGeneratorTest" name="testShortLast" time="0.0010" />

      <testcase classname="org.jfin.date.test.ScheduleGeneratorTest" name="testExceedMaxPeriodsStubTypeShortLast" time="0.0010" />

      <testcase classname="org.jfin.date.test.ScheduleGeneratorTest" name="testExceedMaxPeriodsStubTypeShortFirst" time="0.0010" />

      <testcase classname="org.jfin.date.test.ScheduleGeneratorTest" name="testExceedMaxPeriodsStubTypeLongLast" time="0.0010" />

      <testcase classname="org.jfin.date.test.ScheduleGeneratorTest" name="testExceedMaxPeriodsStubTypeLongFirst" time="0.0010" />

      <testcase classname="org.jfin.date.test.ScheduleGeneratorTest" name="testScheduleWithMaturityString" time="0.0010" />

      <testcase classname="org.jfin.date.test.ScheduleGeneratorTest" name="testMonthlySchedule" time="0.0090" />

      <testcase classname="org.jfin.date.test.ScheduleGeneratorTest" name="testTenorScheduleGeneration" time="0.0010" />

      <testcase classname="org.jfin.date.test.ScheduleGeneratorTest" name="testCustomFrequency" time="0.0010" />

      <testcase classname="org.jfin.date.test.ScheduleGeneratorTest" name="testScheduleWithMaturityStringAndPrototype" time="0.0020" />

      <testcase classname="org.jfin.date.test.ScheduleGeneratorTest" name="testMaturityAndPrototypeScheduleGeneration" time="0.0010" />

      <testcase classname="org.jfin.date.test.ScheduleGeneratorTest" name="testPrototypeScheduleGeneration" time="0.0010" />

      <testcase classname="org.jfin.date.test.ScheduleGeneratorTest" name="testCustomFrequencyWithPrototype" time="0.0010" />

      <testcase classname="org.jfin.date.test.ScheduleGeneratorTest" name="testCalendarUnitDescriptor" time="0.0" />

      <system-out />

      <system-err />

  </testsuite>
  <testsuite errors="0" failures="0" hostname="macintosh-5.home" id="12" name="TenorTest" package="org.jfin.date.test" tests="3" time="0.0050" timestamp="2010-02-19T13:13:40">
      <properties>
[...]
</properties>

      <testcase classname="org.jfin.date.test.TenorTest" name="testTenor" time="0.0010" />

      <testcase classname="org.jfin.date.test.TenorTest" name="testBadTenor" time="0.0" />

      <testcase classname="org.jfin.date.test.TenorTest" name="testConstructor" time="0.0" />

      <system-out />

      <system-err />

  </testsuite>
  <testsuite errors="0" failures="0" hostname="macintosh-5.home" id="13" name="TypedScheduleGeneratorAccessorTest" package="org.jfin.date.test" tests="2" time="0.0060" timestamp="2010-02-19T13:13:40">
      <properties>
[...]
</properties>

      <testcase classname="org.jfin.date.test.TypedScheduleGeneratorAccessorTest" name="testSetPrototype" time="0.0020" />

      <testcase classname="org.jfin.date.test.TypedScheduleGeneratorAccessorTest" name="testSetMaxPeriods" time="0.0" />

      <system-out />

      <system-err />

  </testsuite>
  <testsuite errors="0" failures="0" hostname="macintosh-5.home" id="14" name="AccrualExceptionTest" package="org.jfin.date.test.accrual" tests="4" time="0.0050" timestamp="2010-02-19T13:13:40">
      <properties>
[...]
</properties>

      <testcase classname="org.jfin.date.test.accrual.AccrualExceptionTest" name="testDefaultConstructor" time="0.0010" />

      <testcase classname="org.jfin.date.test.accrual.AccrualExceptionTest" name="testMessageConstructor" time="0.0" />

      <testcase classname="org.jfin.date.test.accrual.AccrualExceptionTest" name="testMessageThrowableConstructor" time="0.0" />

      <testcase classname="org.jfin.date.test.accrual.AccrualExceptionTest" name="testThrowableConstructor" time="0.0" />

      <system-out />

      <system-err />

  </testsuite>
  <testsuite errors="0" failures="0" hostname="macintosh-5.home" id="15" name="AccrualPeriodTest" package="org.jfin.date.test.accrual" tests="5" time="0.011" timestamp="2010-02-19T13:13:40">
      <properties>
[...]
</properties>

      <testcase classname="org.jfin.date.test.accrual.AccrualPeriodTest" name="testCantGetAdjustedPaymentCalendar1" time="0.0010" />

      <testcase classname="org.jfin.date.test.accrual.AccrualPeriodTest" name="testCantGetAdjustedPaymentCalendar2" time="0.0" />

      <testcase classname="org.jfin.date.test.accrual.AccrualPeriodTest" name="testCantGetAdjustedPaymentCalendar3" time="0.0010" />

      <testcase classname="org.jfin.date.test.accrual.AccrualPeriodTest" name="testGetUnadjustedPaymentCalendar" time="0.0010" />

      <testcase classname="org.jfin.date.test.accrual.AccrualPeriodTest" name="testGetAdjustedPaymentCalendar" time="0.0020" />

      <system-out />

      <system-err />

  </testsuite>
  <testsuite errors="0" failures="0" hostname="macintosh-5.home" id="16" name="AccrualScheduleTest" package="org.jfin.date.test.accrual" tests="10" time="0.017" timestamp="2010-02-19T13:13:40">
      <properties>
[...]
</properties>

      <testcase classname="org.jfin.date.test.accrual.AccrualScheduleTest" name="testNetPayments" time="0.0030" />

      <testcase classname="org.jfin.date.test.accrual.AccrualScheduleTest" name="testGetPayments" time="0.0030" />

      <testcase classname="org.jfin.date.test.accrual.AccrualScheduleTest" name="testGetStartCalendar1" time="0.0" />

      <testcase classname="org.jfin.date.test.accrual.AccrualScheduleTest" name="testGetEndCalendar1" time="0.0" />

      <testcase classname="org.jfin.date.test.accrual.AccrualScheduleTest" name="testGetStartEndCalendar1" time="0.0" />

      <testcase classname="org.jfin.date.test.accrual.AccrualScheduleTest" name="testGetStartEndCalendar2" time="0.0010" />

      <testcase classname="org.jfin.date.test.accrual.AccrualScheduleTest" name="testSize1" time="0.0" />

      <testcase classname="org.jfin.date.test.accrual.AccrualScheduleTest" name="testSize2" time="0.0010" />

      <testcase classname="org.jfin.date.test.accrual.AccrualScheduleTest" name="testContains1" time="0.0" />

      <testcase classname="org.jfin.date.test.accrual.AccrualScheduleTest" name="testContains2" time="0.0" />

      <system-out />

      <system-err />

  </testsuite>
  <testsuite errors="0" failures="0" hostname="macintosh-5.home" id="17" name="FixedAccrualPeriodTest" package="org.jfin.date.test.accrual.impl" tests="11" time="0.027" timestamp="2010-02-19T13:13:40">
      <properties>
[...]
</properties>

      <testcase classname="org.jfin.date.test.accrual.impl.FixedAccrualPeriodTest" name="testClone" time="0.013" />

      <testcase classname="org.jfin.date.test.accrual.impl.FixedAccrualPeriodTest" name="testInitialiseInAdvance" time="0.0010" />

      <testcase classname="org.jfin.date.test.accrual.impl.FixedAccrualPeriodTest" name="testInitialiseInArrears" time="0.0020" />

      <testcase classname="org.jfin.date.test.accrual.impl.FixedAccrualPeriodTest" name="testImproperBusinessDayConvention1" time="0.0" />

      <testcase classname="org.jfin.date.test.accrual.impl.FixedAccrualPeriodTest" name="testImproperBusinessDayConvention2" time="0.0010" />

      <testcase classname="org.jfin.date.test.accrual.impl.FixedAccrualPeriodTest" name="testImproperBusinessDayConvention3" time="0.0" />

      <testcase classname="org.jfin.date.test.accrual.impl.FixedAccrualPeriodTest" name="testImproperBusinessDayConvention4" time="0.0" />

      <testcase classname="org.jfin.date.test.accrual.impl.FixedAccrualPeriodTest" name="testImproperBusinessDayConvention5" time="0.0010" />

      <testcase classname="org.jfin.date.test.accrual.impl.FixedAccrualPeriodTest" name="testImproperBusinessDayConvention6" time="0.0" />

      <testcase classname="org.jfin.date.test.accrual.impl.FixedAccrualPeriodTest" name="testProperBusinessDayConvention1" time="0.0020" />

      <testcase classname="org.jfin.date.test.accrual.impl.FixedAccrualPeriodTest" name="testProperBusinessDayConvention2" time="0.0010" />

      <system-out />

      <system-err />

  </testsuite>
  <testsuite errors="0" failures="0" hostname="macintosh-5.home" id="18" name="PlainSwapTest" package="org.jfin.date.test.accrual.impl" tests="4" time="0.105" timestamp="2010-02-19T13:13:40">
      <properties>
[...]
</properties>

      <testcase classname="org.jfin.date.test.accrual.impl.PlainSwapTest" name="testScheduleLengths" time="0.02" />

      <testcase classname="org.jfin.date.test.accrual.impl.PlainSwapTest" name="testMockPaymentsInitialised" time="0.048" />

      <testcase classname="org.jfin.date.test.accrual.impl.PlainSwapTest" name="testFixedSchedulePayment" time="0.024" />

      <testcase classname="org.jfin.date.test.accrual.impl.PlainSwapTest" name="testFormatDouble" time="0.0090" />

      <system-out />

      <system-err />

  </testsuite>
  <testsuite errors="0" failures="0" hostname="macintosh-5.home" id="19" name="DaycountCalculatorFactoryTest" package="org.jfin.date.test.daycount" tests="8" time="0.03" timestamp="2010-02-19T13:13:40">
      <properties>
[...]
</properties>

      <testcase classname="org.jfin.date.test.daycount.DaycountCalculatorFactoryTest" name="testGetDefaultDaycountCalculator" time="0.0020" />

      <testcase classname="org.jfin.date.test.daycount.DaycountCalculatorFactoryTest" name="testGetSpecificDaycountCalculatorFactory" time="0.0" />

      <testcase classname="org.jfin.date.test.daycount.DaycountCalculatorFactoryTest" name="testDaycountCalculatorFactoryNotFound" time="0.0010" />

      <testcase classname="org.jfin.date.test.daycount.DaycountCalculatorFactoryTest" name="testDaycountCalculatorFactoryWrongClass" time="0.017" />

      <testcase classname="org.jfin.date.test.daycount.DaycountCalculatorFactoryTest" name="testDaycountCalculatorFactoryNoDefaultConstructor" time="0.0010" />

      <testcase classname="org.jfin.date.test.daycount.DaycountCalculatorFactoryTest" name="testDaycountCalculatorFactoryPrivateConstructor" time="0.0020" />

      <testcase classname="org.jfin.date.test.daycount.DaycountCalculatorFactoryTest" name="testGetDaycountByName" time="0.0020" />

      <testcase classname="org.jfin.date.test.daycount.DaycountCalculatorFactoryTest" name="testUnknownDaycountCalculator" time="0.0" />

      <system-out />

      <system-err />

  </testsuite>
  <testsuite errors="0" failures="0" hostname="macintosh-5.home" id="20" name="DaycountExceptionTest" package="org.jfin.date.test.daycount" tests="1" time="0.0030" timestamp="2010-02-19T13:13:40">
      <properties>
[...]
</properties>

      <testcase classname="org.jfin.date.test.daycount.DaycountExceptionTest" name="testConstructors" time="0.0" />

      <system-out />

      <system-err />

  </testsuite>
  <testsuite errors="0" failures="0" hostname="macintosh-5.home" id="21" name="DaycountSanityCheckTest" package="org.jfin.date.test.daycount.defaultimpl" tests="10" time="0.017" timestamp="2010-02-19T13:13:40">
      <properties>
[...]
</properties>

      <testcase classname="org.jfin.date.test.daycount.defaultimpl.DaycountSanityCheckTest" name="testActual360" time="0.0" />

      <testcase classname="org.jfin.date.test.daycount.defaultimpl.DaycountSanityCheckTest" name="testActual365Fixed" time="0.0" />

      <testcase classname="org.jfin.date.test.daycount.defaultimpl.DaycountSanityCheckTest" name="testActual366" time="0.0" />

      <testcase classname="org.jfin.date.test.daycount.defaultimpl.DaycountSanityCheckTest" name="testAFBActualActual" time="0.0010" />

      <testcase classname="org.jfin.date.test.daycount.defaultimpl.DaycountSanityCheckTest" name="testBusiness252" time="0.0040" />

      <testcase classname="org.jfin.date.test.daycount.defaultimpl.DaycountSanityCheckTest" name="testEU30360" time="0.0" />

      <testcase classname="org.jfin.date.test.daycount.defaultimpl.DaycountSanityCheckTest" name="testISDAActualActual" time="0.0010" />

      <testcase classname="org.jfin.date.test.daycount.defaultimpl.DaycountSanityCheckTest" name="testISMActualActual" time="0.0010" />

      <testcase classname="org.jfin.date.test.daycount.defaultimpl.DaycountSanityCheckTest" name="testIT30360" time="0.0" />

      <testcase classname="org.jfin.date.test.daycount.defaultimpl.DaycountSanityCheckTest" name="testUS30360" time="0.0040" />

      <system-out />

      <system-err />

  </testsuite>
  <testsuite errors="0" failures="0" hostname="macintosh-5.home" id="22" name="EU30360Test" package="org.jfin.date.test.daycount.defaultimpl" tests="1" time="0.013" timestamp="2010-02-19T13:13:40">
      <properties>
[...]
</properties>

      <testcase classname="org.jfin.date.test.daycount.defaultimpl.EU30360Test" name="testShortPeriods" time="0.0010" />

      <system-out />

      <system-err />

  </testsuite>
  <testsuite errors="0" failures="0" hostname="macintosh-5.home" id="23" name="ISDAMarketConventionsDocTest" package="org.jfin.date.test.daycount.defaultimpl" tests="5" time="0.0080" timestamp="2010-02-19T13:13:40">
      <properties>
[...]
</properties>

      <testcase classname="org.jfin.date.test.daycount.defaultimpl.ISDAMarketConventionsDocTest" name="testPage3" time="0.0010" />

      <testcase classname="org.jfin.date.test.daycount.defaultimpl.ISDAMarketConventionsDocTest" name="testPage4_5" time="0.0" />

      <testcase classname="org.jfin.date.test.daycount.defaultimpl.ISDAMarketConventionsDocTest" name="testPage6" time="0.0010" />

      <testcase classname="org.jfin.date.test.daycount.defaultimpl.ISDAMarketConventionsDocTest" name="testPage7" time="0.0010" />

      <testcase classname="org.jfin.date.test.daycount.defaultimpl.ISDAMarketConventionsDocTest" name="testPage8_9" time="0.0010" />

      <system-out />

      <system-err />

  </testsuite>
  <testsuite errors="0" failures="0" hostname="macintosh-5.home" id="24" name="ISDActualActualTest" package="org.jfin.date.test.daycount.defaultimpl" tests="4" time="0.0060" timestamp="2010-02-19T13:13:40">
      <properties>
[...]
</properties>

      <testcase classname="org.jfin.date.test.daycount.defaultimpl.ISDActualActualTest" name="testGetPeriods" time="0.0" />

      <testcase classname="org.jfin.date.test.daycount.defaultimpl.ISDActualActualTest" name="testNumerators" time="0.0010" />

      <testcase classname="org.jfin.date.test.daycount.defaultimpl.ISDActualActualTest" name="testDenominators" time="0.0" />

      <testcase classname="org.jfin.date.test.daycount.defaultimpl.ISDActualActualTest" name="testAmounts" time="0.0010" />

      <system-out />

      <system-err />

  </testsuite>
  <testsuite errors="0" failures="0" hostname="macintosh-5.home" id="25" name="US30360Test" package="org.jfin.date.test.daycount.defaultimpl" tests="1" time="0.0040" timestamp="2010-02-19T13:13:40">
      <properties>
[...]
</properties>

      <testcase classname="org.jfin.date.test.daycount.defaultimpl.US30360Test" name="testShortPeriods" time="0.0" />

      <system-out />

      <system-err />

  </testsuite>
  <testsuite errors="0" failures="0" hostname="macintosh-5.home" id="26" name="HolidayCalendarExceptionTest" package="org.jfin.date.test.holiday" tests="1" time="0.0040" timestamp="2010-02-19T13:13:40">
      <properties>
[...]
</properties>

      <testcase classname="org.jfin.date.test.holiday.HolidayCalendarExceptionTest" name="testConstructors" time="0.0" />

      <system-out />

      <system-err />

  </testsuite>
  <testsuite errors="0" failures="0" hostname="macintosh-5.home" id="27" name="HolidayCalendarFactoryTest" package="org.jfin.date.test.holiday" tests="8" time="0.018" timestamp="2010-02-19T13:13:40">
      <properties>
[...]
</properties>

      <testcase classname="org.jfin.date.test.holiday.HolidayCalendarFactoryTest" name="testGetHolidayCalendar" time="0.0030" />

      <testcase classname="org.jfin.date.test.holiday.HolidayCalendarFactoryTest" name="testGetSpecificHolidayCalendarFactory" time="0.0010" />

      <testcase classname="org.jfin.date.test.holiday.HolidayCalendarFactoryTest" name="testHolidayCalendarFactoryNotFound" time="0.0010" />

      <testcase classname="org.jfin.date.test.holiday.HolidayCalendarFactoryTest" name="testHolidayCalendarFactoryWrongClass" time="0.0020" />

      <testcase classname="org.jfin.date.test.holiday.HolidayCalendarFactoryTest" name="testHolidayCalendarFactoryNoDefaultConstructor" time="0.0020" />

      <testcase classname="org.jfin.date.test.holiday.HolidayCalendarFactoryTest" name="testHolidayCalendarFactoryPrivateConstructor" time="0.0020" />

      <testcase classname="org.jfin.date.test.holiday.HolidayCalendarFactoryTest" name="testGetSingleHolidayCalendarFromArrayMethod" time="0.0" />

      <testcase classname="org.jfin.date.test.holiday.HolidayCalendarFactoryTest" name="testGetUnknownHolidayCalendar" time="0.0010" />

      <system-out />

      <system-err />

  </testsuite>
  <testsuite errors="0" failures="0" hostname="macintosh-5.home" id="28" name="HolidayCalendarSetTest" package="org.jfin.date.test.holiday" tests="1" time="0.0040" timestamp="2010-02-19T13:13:40">
      <properties>
[...]
</properties>

      <testcase classname="org.jfin.date.test.holiday.HolidayCalendarSetTest" name="testHolidayCalendarSet" time="0.0010" />

      <system-out />

      <system-err />

  </testsuite>
  <testsuite errors="0" failures="0" hostname="macintosh-5.home" id="29" name="HolidayCalendarTest" package="org.jfin.date.test.holiday" tests="2" time="0.0060" timestamp="2010-02-19T13:13:40">
      <properties>
[...]
</properties>

      <testcase classname="org.jfin.date.test.holiday.HolidayCalendarTest" name="testAdjustPeriodList" time="0.0020" />

      <testcase classname="org.jfin.date.test.holiday.HolidayCalendarTest" name="testIsLastDayOfMonth" time="0.0" />

      <system-out />

      <system-err />

  </testsuite>
  <testsuite errors="0" failures="0" hostname="macintosh-5.home" id="30" name="DateAdjustmentTest" package="org.jfin.date.test.holiday.defaultimpl" tests="5" time="0.079" timestamp="2010-02-19T13:13:40">
      <properties>
[...]
</properties>

      <testcase classname="org.jfin.date.test.holiday.defaultimpl.DateAdjustmentTest" name="testFollowing" time="0.0060" />

      <testcase classname="org.jfin.date.test.holiday.defaultimpl.DateAdjustmentTest" name="testModFollowing" time="0.0060" />

      <testcase classname="org.jfin.date.test.holiday.defaultimpl.DateAdjustmentTest" name="testPreceeding" time="0.014" />

      <testcase classname="org.jfin.date.test.holiday.defaultimpl.DateAdjustmentTest" name="testModPreceeding" time="0.0070" />

      <testcase classname="org.jfin.date.test.holiday.defaultimpl.DateAdjustmentTest" name="testMonthEndReference" time="0.035" />

      <system-out />

      <system-err />

  </testsuite>
  <testsuite errors="0" failures="0" hostname="macintosh-5.home" id="31" name="DateAdvanceTest" package="org.jfin.date.test.holiday.defaultimpl" tests="3" time="0.0060" timestamp="2010-02-19T13:13:40">
      <properties>
[...]
</properties>

      <testcase classname="org.jfin.date.test.holiday.defaultimpl.DateAdvanceTest" name="testDaysBackwards" time="0.0010" />

      <testcase classname="org.jfin.date.test.holiday.defaultimpl.DateAdvanceTest" name="testDaysForwards" time="0.0" />

      <testcase classname="org.jfin.date.test.holiday.defaultimpl.DateAdvanceTest" name="testBadAdvance" time="0.0" />

      <system-out />

      <system-err />

  </testsuite>
  <testsuite errors="0" failures="0" hostname="macintosh-5.home" id="32" name="HolidayCalendarSanityCheckTest" package="org.jfin.date.test.holiday.defaultimpl" tests="1" time="0.01" timestamp="2010-02-19T13:13:40">
      <properties>
[...]
</properties>

      <testcase classname="org.jfin.date.test.holiday.defaultimpl.HolidayCalendarSanityCheckTest" name="testAdjustBy0" time="0.0010" />

      <system-out />

      <system-err />

  </testsuite>
  <testsuite errors="0" failures="0" hostname="macintosh-5.home" id="33" name="MonthEndReferenceOffsetTest" package="org.jfin.date.test.holiday.defaultimpl" tests="6" time="0.015" timestamp="2010-02-19T13:13:40">
      <properties>
[...]
</properties>

      <testcase classname="org.jfin.date.test.holiday.defaultimpl.MonthEndReferenceOffsetTest" name="testSpot" time="0.0010" />

      <testcase classname="org.jfin.date.test.holiday.defaultimpl.MonthEndReferenceOffsetTest" name="test1M" time="0.0030" />

      <testcase classname="org.jfin.date.test.holiday.defaultimpl.MonthEndReferenceOffsetTest" name="test2M" time="0.0010" />

      <testcase classname="org.jfin.date.test.holiday.defaultimpl.MonthEndReferenceOffsetTest" name="test3M" time="0.0010" />

      <testcase classname="org.jfin.date.test.holiday.defaultimpl.MonthEndReferenceOffsetTest" name="test6M" time="0.0010" />

      <testcase classname="org.jfin.date.test.holiday.defaultimpl.MonthEndReferenceOffsetTest" name="test9M" time="0.0010" />

      <system-out />

      <system-err />

  </testsuite>
  <testsuite errors="0" failures="0" hostname="macintosh-5.home" id="34" name="FinancialCalendarHolidayCalendarTest" package="org.jfin.date.test.holiday.financialcalendarimpl" tests="5" time="1.66" timestamp="2010-02-19T13:13:40">
      <properties>
[...]
</properties>

      <testcase classname="org.jfin.date.test.holiday.financialcalendarimpl.FinancialCalendarHolidayCalendarTest" name="testGetHolidayCalendar" time="0.267" />

      <testcase classname="org.jfin.date.test.holiday.financialcalendarimpl.FinancialCalendarHolidayCalendarTest" name="testLondonHolidayCalendar" time="0.2" />

      <testcase classname="org.jfin.date.test.holiday.financialcalendarimpl.FinancialCalendarHolidayCalendarTest" name="testBadHolidayCalendar" time="0.182" />

      <testcase classname="org.jfin.date.test.holiday.financialcalendarimpl.FinancialCalendarHolidayCalendarTest" name="testCombinedHolidayCalendar" time="0.254" />

      <testcase classname="org.jfin.date.test.holiday.financialcalendarimpl.FinancialCalendarHolidayCalendarTest" name="testAvailableLocales" time="0.712" />

      <system-out />

      <system-err />

  </testsuite>
  <testsuite errors="0" failures="0" hostname="macintosh-5.home" id="35" name="ISDACalendarFormatTest" package="org.jfin.date.test.util" tests="4" time="1.089" timestamp="2010-02-19T13:13:42">
      <properties>
[...]
</properties>

      <testcase classname="org.jfin.date.test.util.ISDACalendarFormatTest" name="testInstantiation" time="0.0010" />

      <testcase classname="org.jfin.date.test.util.ISDACalendarFormatTest" name="testNullCalendar" time="0.0" />

      <testcase classname="org.jfin.date.test.util.ISDACalendarFormatTest" name="testFormat" time="0.0" />

      <testcase classname="org.jfin.date.test.util.ISDACalendarFormatTest" name="testFormatFixedLength" time="0.0010" />

      <system-out />

      <system-err />

  </testsuite>
  <testsuite errors="0" failures="0" hostname="macintosh-5.home" id="36" name="jfinLoggingFormatterTest" package="org.jfin.date.test.util" tests="1" time="0.0030" timestamp="2010-02-19T13:13:43">
      <properties>
[...]
</properties>

      <testcase classname="org.jfin.date.test.util.jfinLoggingFormatterTest" name="testLoggingFormatter" time="0.0010" />

      <system-out />

      <system-err><![CDATA[INFO    20100219 01:13:43 Formatter test (org.jfin.date.test.jfinLoggingFormatterTest)
]]></system-err>

  </testsuite>
  <testsuite errors="0" failures="0" hostname="macintosh-5.home" id="37" name="PlainSwapFormTest" package="org.jfin.date.test.web.example" tests="2" time="0.0080" timestamp="2010-02-19T13:13:43">
      <properties>
[...]
</properties>

      <testcase classname="org.jfin.date.test.web.example.PlainSwapFormTest" name="testNumberFormat" time="0.0040" />

      <testcase classname="org.jfin.date.test.web.example.PlainSwapFormTest" name="testPercentageFormat" time="0.0010" />

      <system-out />

      <system-err />

  </testsuite>
</testsuites>
